2025-04-11  6:36:36 0 [Note] Starting MariaDB 10.4.32-MariaDB source revision c4143f909528e3fab0677a28631d10389354c491 as process 20236
2025-04-11  6:36:36 0 [Note] InnoDB: Mutexes and rw_locks use Windows interlocked functions
2025-04-11  6:36:36 0 [Note] InnoDB: Uses event mutexes
2025-04-11  6:36:36 0 [Note] InnoDB: Compressed tables use zlib 1.3
2025-04-11  6:36:36 0 [Note] InnoDB: Number of pools: 1
2025-04-11  6:36:36 0 [Note] InnoDB: Using SSE2 crc32 instructions
2025-04-11  6:36:36 0 [Note] InnoDB: Initializing buffer pool, total size = 16M, instances = 1, chunk size = 16M
2025-04-11  6:36:36 0 [Note] InnoDB: Completed initialization of buffer pool
2025-04-11  6:36:36 0 [Note] InnoDB: Starting crash recovery from checkpoint LSN=300288
2025-04-11  6:36:36 0 [Note] InnoDB: 128 out of 128 rollback segments are active.
2025-04-11  6:36:36 0 [Note] InnoDB: Removed temporary tablespace data file: "ibtmp1"
2025-04-11  6:36:36 0 [Note] InnoDB: Creating shared tablespace for temporary tables
2025-04-11  6:36:36 0 [Note] InnoDB: Setting file 'C:\xampp\mysql\data\ibtmp1' size to 12 MB. Physically writing the file full; Please wait ...
2025-04-11  6:36:36 0 [Note] InnoDB: File 'C:\xampp\mysql\data\ibtmp1' size is now 12 MB.
2025-04-11  6:36:36 0 [Note] InnoDB: Waiting for purge to start
2025-04-11  6:36:36 0 [Note] InnoDB: 10.4.32 started; log sequence number 300297; transaction id 170
2025-04-11  6:36:36 0 [Note] InnoDB: Loading buffer pool(s) from C:\xampp\mysql\data\ib_buffer_pool
2025-04-11  6:36:36 0 [Note] Plugin 'FEEDBACK' is disabled.
2025-04-11  6:36:36 0 [Note] InnoDB: Buffer pool(s) load completed at 250411  6:36:36
2025-04-11  6:36:36 0 [Note] Server socket created on IP: '::'.
2025-04-11  6:36:36 0 [ERROR] Can't start server: Bind on TCP/IP port. Got error: 10048: Only one usage of each socket address (protocol/network address/port) is normally permitted.

2025-04-11  6:36:36 0 [ERROR] Do you already have another mysqld server running on port: 3306 ?
2025-04-11  6:36:36 0 [ERROR] Aborting
2025-04-11  6:36:49 0 [Note] Starting MariaDB 10.4.32-MariaDB source revision c4143f909528e3fab0677a28631d10389354c491 as process 6496
2025-04-11  6:36:49 0 [Note] InnoDB: Mutexes and rw_locks use Windows interlocked functions
2025-04-11  6:36:49 0 [Note] InnoDB: Uses event mutexes
2025-04-11  6:36:49 0 [Note] InnoDB: Compressed tables use zlib 1.3
2025-04-11  6:36:49 0 [Note] InnoDB: Number of pools: 1
2025-04-11  6:36:49 0 [Note] InnoDB: Using SSE2 crc32 instructions
2025-04-11  6:36:49 0 [Note] InnoDB: Initializing buffer pool, total size = 16M, instances = 1, chunk size = 16M
2025-04-11  6:36:49 0 [Note] InnoDB: Completed initialization of buffer pool
2025-04-11  6:36:49 0 [Note] InnoDB: 128 out of 128 rollback segments are active.
2025-04-11  6:36:49 0 [Note] InnoDB: Creating shared tablespace for temporary tables
2025-04-11  6:36:49 0 [Note] InnoDB: Setting file 'C:\xampp\mysql\data\ibtmp1' size to 12 MB. Physically writing the file full; Please wait ...
2025-04-11  6:36:49 0 [Note] InnoDB: File 'C:\xampp\mysql\data\ibtmp1' size is now 12 MB.
2025-04-11  6:36:49 0 [Note] InnoDB: Waiting for purge to start
2025-04-11  6:36:49 0 [Note] InnoDB: 10.4.32 started; log sequence number 300306; transaction id 170
2025-04-11  6:36:49 0 [Note] InnoDB: Loading buffer pool(s) from C:\xampp\mysql\data\ib_buffer_pool
2025-04-11  6:36:49 0 [Note] Plugin 'FEEDBACK' is disabled.
2025-04-11  6:36:49 0 [Note] Server socket created on IP: '::'.
2025-04-11  6:36:49 0 [Note] InnoDB: Buffer pool(s) load completed at 250411  6:36:49
2025-04-11  6:36:49 0 [ERROR] Can't start server: Bind on TCP/IP port. Got error: 10048: Only one usage of each socket address (protocol/network address/port) is normally permitted.

2025-04-11  6:36:49 0 [ERROR] Do you already have another mysqld server running on port: 3306 ?
2025-04-11  6:36:49 0 [ERROR] Aborting
2025-04-11  6:42:07 0 [Note] Starting MariaDB 10.4.32-MariaDB source revision c4143f909528e3fab0677a28631d10389354c491 as process 13152
2025-04-11  6:42:07 0 [Note] InnoDB: Mutexes and rw_locks use Windows interlocked functions
2025-04-11  6:42:07 0 [Note] InnoDB: Uses event mutexes
2025-04-11  6:42:07 0 [Note] InnoDB: Compressed tables use zlib 1.3
2025-04-11  6:42:07 0 [Note] InnoDB: Number of pools: 1
2025-04-11  6:42:07 0 [Note] InnoDB: Using SSE2 crc32 instructions
2025-04-11  6:42:07 0 [Note] InnoDB: Initializing buffer pool, total size = 16M, instances = 1, chunk size = 16M
2025-04-11  6:42:07 0 [Note] InnoDB: Completed initialization of buffer pool
2025-04-11  6:42:07 0 [Note] InnoDB: 128 out of 128 rollback segments are active.
2025-04-11  6:42:07 0 [Note] InnoDB: Creating shared tablespace for temporary tables
2025-04-11  6:42:07 0 [Note] InnoDB: Setting file 'C:\xampp\mysql\data\ibtmp1' size to 12 MB. Physically writing the file full; Please wait ...
2025-04-11  6:42:07 0 [Note] InnoDB: File 'C:\xampp\mysql\data\ibtmp1' size is now 12 MB.
2025-04-11  6:42:07 0 [Note] InnoDB: Waiting for purge to start
2025-04-11  6:42:07 0 [Note] InnoDB: 10.4.32 started; log sequence number 300315; transaction id 170
2025-04-11  6:42:07 0 [Note] InnoDB: Loading buffer pool(s) from C:\xampp\mysql\data\ib_buffer_pool
2025-04-11  6:42:07 0 [Note] Plugin 'FEEDBACK' is disabled.
2025-04-11  6:42:07 0 [Note] Server socket created on IP: '::'.
2025-04-11  6:42:07 0 [Note] InnoDB: Buffer pool(s) load completed at 250411  6:42:07
2025-04-11  6:42:07 0 [ERROR] Can't start server: Bind on TCP/IP port. Got error: 10048: Only one usage of each socket address (protocol/network address/port) is normally permitted.

2025-04-11  6:42:07 0 [ERROR] Do you already have another mysqld server running on port: 3306 ?
2025-04-11  6:42:07 0 [ERROR] Aborting
2025-04-11  6:52:34 0 [Note] Starting MariaDB 10.4.32-MariaDB source revision c4143f909528e3fab0677a28631d10389354c491 as process 13344
2025-04-11  6:52:34 0 [Note] InnoDB: Mutexes and rw_locks use Windows interlocked functions
2025-04-11  6:52:34 0 [Note] InnoDB: Uses event mutexes
2025-04-11  6:52:34 0 [Note] InnoDB: Compressed tables use zlib 1.3
2025-04-11  6:52:34 0 [Note] InnoDB: Number of pools: 1
2025-04-11  6:52:34 0 [Note] InnoDB: Using SSE2 crc32 instructions
2025-04-11  6:52:34 0 [Note] InnoDB: Initializing buffer pool, total size = 16M, instances = 1, chunk size = 16M
2025-04-11  6:52:34 0 [Note] InnoDB: Completed initialization of buffer pool
2025-04-11  6:52:34 0 [Note] InnoDB: 128 out of 128 rollback segments are active.
2025-04-11  6:52:34 0 [Note] InnoDB: Creating shared tablespace for temporary tables
2025-04-11  6:52:34 0 [Note] InnoDB: Setting file 'C:\xampp\mysql\data\ibtmp1' size to 12 MB. Physically writing the file full; Please wait ...
2025-04-11  6:52:34 0 [Note] InnoDB: File 'C:\xampp\mysql\data\ibtmp1' size is now 12 MB.
2025-04-11  6:52:34 0 [Note] InnoDB: Waiting for purge to start
2025-04-11  6:52:34 0 [Note] InnoDB: 10.4.32 started; log sequence number 300324; transaction id 170
2025-04-11  6:52:34 0 [Note] InnoDB: Loading buffer pool(s) from C:\xampp\mysql\data\ib_buffer_pool
2025-04-11  6:52:34 0 [Note] Plugin 'FEEDBACK' is disabled.
2025-04-11  6:52:34 0 [Note] Server socket created on IP: '::'.
2025-04-11  6:52:34 0 [ERROR] Can't start server: Bind on TCP/IP port. Got error: 10048: Only one usage of each socket address (protocol/network address/port) is normally permitted.

2025-04-11  6:52:34 0 [Note] InnoDB: Buffer pool(s) load completed at 250411  6:52:34
2025-04-11  6:52:34 0 [ERROR] Do you already have another mysqld server running on port: 3307 ?
2025-04-11  6:52:34 0 [ERROR] Aborting
2025-04-11  6:53:36 0 [Note] Starting MariaDB 10.4.32-MariaDB source revision c4143f909528e3fab0677a28631d10389354c491 as process 20116
2025-04-11  6:53:36 0 [Note] InnoDB: Mutexes and rw_locks use Windows interlocked functions
2025-04-11  6:53:36 0 [Note] InnoDB: Uses event mutexes
2025-04-11  6:53:36 0 [Note] InnoDB: Compressed tables use zlib 1.3
2025-04-11  6:53:36 0 [Note] InnoDB: Number of pools: 1
2025-04-11  6:53:36 0 [Note] InnoDB: Using SSE2 crc32 instructions
2025-04-11  6:53:36 0 [Note] InnoDB: Initializing buffer pool, total size = 16M, instances = 1, chunk size = 16M
2025-04-11  6:53:36 0 [Note] InnoDB: Completed initialization of buffer pool
2025-04-11  6:53:36 0 [Note] InnoDB: 128 out of 128 rollback segments are active.
2025-04-11  6:53:36 0 [Note] InnoDB: Creating shared tablespace for temporary tables
2025-04-11  6:53:36 0 [Note] InnoDB: Setting file 'C:\xampp\mysql\data\ibtmp1' size to 12 MB. Physically writing the file full; Please wait ...
2025-04-11  6:53:36 0 [Note] InnoDB: File 'C:\xampp\mysql\data\ibtmp1' size is now 12 MB.
2025-04-11  6:53:36 0 [Note] InnoDB: Waiting for purge to start
2025-04-11  6:53:36 0 [Note] InnoDB: 10.4.32 started; log sequence number 300333; transaction id 170
2025-04-11  6:53:36 0 [Note] InnoDB: Loading buffer pool(s) from C:\xampp\mysql\data\ib_buffer_pool
2025-04-11  6:53:36 0 [Note] Plugin 'FEEDBACK' is disabled.
2025-04-11  6:53:36 0 [Note] Server socket created on IP: '::'.
2025-04-11  6:53:36 0 [ERROR] Can't start server: Bind on TCP/IP port. Got error: 10048: Only one usage of each socket address (protocol/network address/port) is normally permitted.

2025-04-11  6:53:36 0 [ERROR] Do you already have another mysqld server running on port: 3307 ?
2025-04-11  6:53:36 0 [ERROR] Aborting
2025-04-11  6:54:03 0 [Note] Starting MariaDB 10.4.32-MariaDB source revision c4143f909528e3fab0677a28631d10389354c491 as process 6772
2025-04-11  6:54:03 0 [Note] InnoDB: Mutexes and rw_locks use Windows interlocked functions
2025-04-11  6:54:03 0 [Note] InnoDB: Uses event mutexes
2025-04-11  6:54:03 0 [Note] InnoDB: Compressed tables use zlib 1.3
2025-04-11  6:54:03 0 [Note] InnoDB: Number of pools: 1
2025-04-11  6:54:03 0 [Note] InnoDB: Using SSE2 crc32 instructions
2025-04-11  6:54:03 0 [Note] InnoDB: Initializing buffer pool, total size = 16M, instances = 1, chunk size = 16M
2025-04-11  6:54:03 0 [Note] InnoDB: Completed initialization of buffer pool
2025-04-11  6:54:03 0 [Note] InnoDB: 128 out of 128 rollback segments are active.
2025-04-11  6:54:03 0 [Note] InnoDB: Creating shared tablespace for temporary tables
2025-04-11  6:54:03 0 [Note] InnoDB: Setting file 'C:\xampp\mysql\data\ibtmp1' size to 12 MB. Physically writing the file full; Please wait ...
2025-04-11  6:54:03 0 [Note] InnoDB: File 'C:\xampp\mysql\data\ibtmp1' size is now 12 MB.
2025-04-11  6:54:03 0 [Note] InnoDB: Waiting for purge to start
2025-04-11  6:54:03 0 [Note] InnoDB: 10.4.32 started; log sequence number 300342; transaction id 170
2025-04-11  6:54:03 0 [Note] InnoDB: Loading buffer pool(s) from C:\xampp\mysql\data\ib_buffer_pool
2025-04-11  6:54:03 0 [Note] Plugin 'FEEDBACK' is disabled.
2025-04-11  6:54:03 0 [Note] Server socket created on IP: '::'.
2025-04-11  6:54:03 0 [ERROR] Can't start server: Bind on TCP/IP port. Got error: 10048: Only one usage of each socket address (protocol/network address/port) is normally permitted.

2025-04-11  6:54:03 0 [ERROR] Do you already have another mysqld server running on port: 3306 ?
2025-04-11  6:54:03 0 [ERROR] Aborting
2025-04-11  6:55:24 0 [Note] Starting MariaDB 10.4.32-MariaDB source revision c4143f909528e3fab0677a28631d10389354c491 as process 3196
2025-04-11  6:55:24 0 [Note] InnoDB: Mutexes and rw_locks use Windows interlocked functions
2025-04-11  6:55:24 0 [Note] InnoDB: Uses event mutexes
2025-04-11  6:55:24 0 [Note] InnoDB: Compressed tables use zlib 1.3
2025-04-11  6:55:24 0 [Note] InnoDB: Number of pools: 1
2025-04-11  6:55:24 0 [Note] InnoDB: Using SSE2 crc32 instructions
2025-04-11  6:55:24 0 [Note] InnoDB: Initializing buffer pool, total size = 16M, instances = 1, chunk size = 16M
2025-04-11  6:55:24 0 [Note] InnoDB: Completed initialization of buffer pool
2025-04-11  6:55:24 0 [Note] InnoDB: 128 out of 128 rollback segments are active.
2025-04-11  6:55:24 0 [Note] InnoDB: Creating shared tablespace for temporary tables
2025-04-11  6:55:24 0 [Note] InnoDB: Setting file 'C:\xampp\mysql\data\ibtmp1' size to 12 MB. Physically writing the file full; Please wait ...
2025-04-11  6:55:24 0 [Note] InnoDB: File 'C:\xampp\mysql\data\ibtmp1' size is now 12 MB.
2025-04-11  6:55:24 0 [Note] InnoDB: Waiting for purge to start
2025-04-11  6:55:24 0 [Note] InnoDB: 10.4.32 started; log sequence number 300351; transaction id 170
2025-04-11  6:55:24 0 [Note] InnoDB: Loading buffer pool(s) from C:\xampp\mysql\data\ib_buffer_pool
2025-04-11  6:55:24 0 [Note] Plugin 'FEEDBACK' is disabled.
2025-04-11  6:55:24 0 [Note] Server socket created on IP: '::'.
2025-04-11  6:55:24 0 [ERROR] Can't start server: Bind on TCP/IP port. Got error: 10048: Only one usage of each socket address (protocol/network address/port) is normally permitted.

2025-04-11  6:55:24 0 [ERROR] Do you already have another mysqld server running on port: 3306 ?
2025-04-11  6:55:24 0 [Note] InnoDB: Buffer pool(s) load completed at 250411  6:55:24
2025-04-11  6:55:24 0 [ERROR] Aborting
2025-04-11  6:59:02 0 [Note] Starting MariaDB 10.4.32-MariaDB source revision c4143f909528e3fab0677a28631d10389354c491 as process 12176
2025-04-11  6:59:02 0 [Note] InnoDB: Mutexes and rw_locks use Windows interlocked functions
2025-04-11  6:59:02 0 [Note] InnoDB: Uses event mutexes
2025-04-11  6:59:02 0 [Note] InnoDB: Compressed tables use zlib 1.3
2025-04-11  6:59:02 0 [Note] InnoDB: Number of pools: 1
2025-04-11  6:59:02 0 [Note] InnoDB: Using SSE2 crc32 instructions
2025-04-11  6:59:02 0 [Note] InnoDB: Initializing buffer pool, total size = 16M, instances = 1, chunk size = 16M
2025-04-11  6:59:02 0 [Note] InnoDB: Completed initialization of buffer pool
2025-04-11  6:59:02 0 [Note] InnoDB: 128 out of 128 rollback segments are active.
2025-04-11  6:59:02 0 [Note] InnoDB: Creating shared tablespace for temporary tables
2025-04-11  6:59:02 0 [Note] InnoDB: Setting file 'C:\xampp\mysql\data\ibtmp1' size to 12 MB. Physically writing the file full; Please wait ...
2025-04-11  6:59:02 0 [Note] InnoDB: File 'C:\xampp\mysql\data\ibtmp1' size is now 12 MB.
2025-04-11  6:59:02 0 [Note] InnoDB: Waiting for purge to start
2025-04-11  6:59:02 0 [Note] InnoDB: 10.4.32 started; log sequence number 300360; transaction id 170
2025-04-11  6:59:02 0 [Note] InnoDB: Loading buffer pool(s) from C:\xampp\mysql\data\ib_buffer_pool
2025-04-11  6:59:02 0 [Note] Plugin 'FEEDBACK' is disabled.
2025-04-11  6:59:02 0 [Note] InnoDB: Buffer pool(s) load completed at 250411  6:59:02
2025-04-11  6:59:02 0 [Note] Server socket created on IP: '::'.
2025-04-11  7:01:52 0 [Note] Starting MariaDB 10.4.32-MariaDB source revision c4143f909528e3fab0677a28631d10389354c491 as process 5048
2025-04-11  7:01:52 0 [Note] InnoDB: Mutexes and rw_locks use Windows interlocked functions
2025-04-11  7:01:52 0 [Note] InnoDB: Uses event mutexes
2025-04-11  7:01:52 0 [Note] InnoDB: Compressed tables use zlib 1.3
2025-04-11  7:01:52 0 [Note] InnoDB: Number of pools: 1
2025-04-11  7:01:52 0 [Note] InnoDB: Using SSE2 crc32 instructions
2025-04-11  7:01:52 0 [Note] InnoDB: Initializing buffer pool, total size = 16M, instances = 1, chunk size = 16M
2025-04-11  7:01:52 0 [Note] InnoDB: Completed initialization of buffer pool
2025-04-11  7:01:52 0 [Note] InnoDB: Starting crash recovery from checkpoint LSN=300360
2025-04-11  7:01:53 0 [Note] InnoDB: 128 out of 128 rollback segments are active.
2025-04-11  7:01:53 0 [Note] InnoDB: Removed temporary tablespace data file: "ibtmp1"
2025-04-11  7:01:53 0 [Note] InnoDB: Creating shared tablespace for temporary tables
2025-04-11  7:01:53 0 [Note] InnoDB: Setting file 'C:\xampp\mysql\data\ibtmp1' size to 12 MB. Physically writing the file full; Please wait ...
2025-04-11  7:01:53 0 [Note] InnoDB: File 'C:\xampp\mysql\data\ibtmp1' size is now 12 MB.
2025-04-11  7:01:53 0 [Note] InnoDB: Waiting for purge to start
2025-04-11  7:01:53 0 [Note] InnoDB: 10.4.32 started; log sequence number 300369; transaction id 170
2025-04-11  7:01:53 0 [Note] InnoDB: Loading buffer pool(s) from C:\xampp\mysql\data\ib_buffer_pool
2025-04-11  7:01:53 0 [Note] Plugin 'FEEDBACK' is disabled.
2025-04-11  7:01:53 0 [Note] Server socket created on IP: '::'.
2025-04-11  7:01:53 0 [Note] InnoDB: Buffer pool(s) load completed at 250411  7:01:53
2025-04-11 15:56:19 0 [Note] Starting MariaDB 10.4.32-MariaDB source revision c4143f909528e3fab0677a28631d10389354c491 as process 9756
2025-04-11 15:56:19 0 [Note] InnoDB: Mutexes and rw_locks use Windows interlocked functions
2025-04-11 15:56:19 0 [Note] InnoDB: Uses event mutexes
2025-04-11 15:56:19 0 [Note] InnoDB: Compressed tables use zlib 1.3
2025-04-11 15:56:19 0 [Note] InnoDB: Number of pools: 1
2025-04-11 15:56:19 0 [Note] InnoDB: Using SSE2 crc32 instructions
2025-04-11 15:56:19 0 [Note] InnoDB: Initializing buffer pool, total size = 16M, instances = 1, chunk size = 16M
2025-04-11 15:56:19 0 [Note] InnoDB: Completed initialization of buffer pool
2025-04-11 15:56:19 0 [Note] InnoDB: Starting crash recovery from checkpoint LSN=300378
2025-04-11 15:56:20 0 [Note] InnoDB: 128 out of 128 rollback segments are active.
2025-04-11 15:56:20 0 [Note] InnoDB: Removed temporary tablespace data file: "ibtmp1"
2025-04-11 15:56:20 0 [Note] InnoDB: Creating shared tablespace for temporary tables
2025-04-11 15:56:20 0 [Note] InnoDB: Setting file 'C:\xampp\mysql\data\ibtmp1' size to 12 MB. Physically writing the file full; Please wait ...
2025-04-11 15:56:20 0 [Note] InnoDB: File 'C:\xampp\mysql\data\ibtmp1' size is now 12 MB.
2025-04-11 15:56:20 0 [Note] InnoDB: Waiting for purge to start
2025-04-11 15:56:20 0 [Note] InnoDB: 10.4.32 started; log sequence number 300387; transaction id 170
2025-04-11 15:56:20 0 [Note] InnoDB: Loading buffer pool(s) from C:\xampp\mysql\data\ib_buffer_pool
2025-04-11 15:56:20 0 [Note] Plugin 'FEEDBACK' is disabled.
2025-04-11 15:56:20 0 [Note] InnoDB: Buffer pool(s) load completed at 250411 15:56:20
2025-04-11 15:56:20 0 [Note] Server socket created on IP: '::'.
2025-04-11 16:38:40 0 [Note] Starting MariaDB 10.4.32-MariaDB source revision c4143f909528e3fab0677a28631d10389354c491 as process 21108
2025-04-11 16:38:40 0 [Note] InnoDB: Mutexes and rw_locks use Windows interlocked functions
2025-04-11 16:38:40 0 [Note] InnoDB: Uses event mutexes
2025-04-11 16:38:40 0 [Note] InnoDB: Compressed tables use zlib 1.3
2025-04-11 16:38:40 0 [Note] InnoDB: Number of pools: 1
2025-04-11 16:38:40 0 [Note] InnoDB: Using SSE2 crc32 instructions
2025-04-11 16:38:40 0 [Note] InnoDB: Initializing buffer pool, total size = 16M, instances = 1, chunk size = 16M
2025-04-11 16:38:40 0 [Note] InnoDB: Completed initialization of buffer pool
2025-04-11 16:38:40 0 [Note] InnoDB: Starting crash recovery from checkpoint LSN=300378
2025-04-11 16:38:40 0 [Note] InnoDB: 128 out of 128 rollback segments are active.
2025-04-11 16:38:40 0 [Note] InnoDB: Removed temporary tablespace data file: "ibtmp1"
2025-04-11 16:38:40 0 [Note] InnoDB: Creating shared tablespace for temporary tables
2025-04-11 16:38:40 0 [Note] InnoDB: Setting file 'C:\xampp\mysql\data\ibtmp1' size to 12 MB. Physically writing the file full; Please wait ...
2025-04-11 16:38:40 0 [Note] InnoDB: File 'C:\xampp\mysql\data\ibtmp1' size is now 12 MB.
2025-04-11 16:38:40 0 [Note] InnoDB: Waiting for purge to start
2025-04-11 16:38:40 0 [Note] InnoDB: 10.4.32 started; log sequence number 300387; transaction id 170
2025-04-11 16:38:40 0 [Note] InnoDB: Loading buffer pool(s) from C:\xampp\mysql\data\ib_buffer_pool
2025-04-11 16:38:40 0 [Note] Plugin 'FEEDBACK' is disabled.
2025-04-11 16:38:40 0 [Note] Server socket created on IP: '::'.
2025-04-12  9:22:40 0 [Note] Starting MariaDB 10.4.32-MariaDB source revision c4143f909528e3fab0677a28631d10389354c491 as process 2656
2025-04-12  9:22:40 0 [Note] InnoDB: Mutexes and rw_locks use Windows interlocked functions
2025-04-12  9:22:40 0 [Note] InnoDB: Uses event mutexes
2025-04-12  9:22:40 0 [Note] InnoDB: Compressed tables use zlib 1.3
2025-04-12  9:22:40 0 [Note] InnoDB: Number of pools: 1
2025-04-12  9:22:40 0 [Note] InnoDB: Using SSE2 crc32 instructions
2025-04-12  9:22:40 0 [Note] InnoDB: Initializing buffer pool, total size = 16M, instances = 1, chunk size = 16M
2025-04-12  9:22:40 0 [Note] InnoDB: Completed initialization of buffer pool
2025-04-12  9:22:40 0 [Note] InnoDB: Starting crash recovery from checkpoint LSN=300396
2025-04-12  9:22:40 0 [Note] InnoDB: 128 out of 128 rollback segments are active.
2025-04-12  9:22:40 0 [Note] InnoDB: Removed temporary tablespace data file: "ibtmp1"
2025-04-12  9:22:40 0 [Note] InnoDB: Creating shared tablespace for temporary tables
2025-04-12  9:22:40 0 [Note] InnoDB: Setting file 'C:\xampp\mysql\data\ibtmp1' size to 12 MB. Physically writing the file full; Please wait ...
2025-04-12  9:22:40 0 [Note] InnoDB: File 'C:\xampp\mysql\data\ibtmp1' size is now 12 MB.
2025-04-12  9:22:40 0 [Note] InnoDB: Waiting for purge to start
2025-04-12  9:22:40 0 [Note] InnoDB: 10.4.32 started; log sequence number 300405; transaction id 170
2025-04-12  9:22:40 0 [Note] InnoDB: Loading buffer pool(s) from C:\xampp\mysql\data\ib_buffer_pool
2025-04-12  9:22:40 0 [Note] Plugin 'FEEDBACK' is disabled.
2025-04-12  9:22:40 0 [Note] InnoDB: Buffer pool(s) load completed at 250412  9:22:40
2025-04-12  9:22:40 0 [Note] Server socket created on IP: '::'.
2025-04-12 21:49:12 0 [Note] Starting MariaDB 10.4.32-MariaDB source revision c4143f909528e3fab0677a28631d10389354c491 as process 15092
2025-04-12 21:49:12 0 [Note] InnoDB: Mutexes and rw_locks use Windows interlocked functions
2025-04-12 21:49:12 0 [Note] InnoDB: Uses event mutexes
2025-04-12 21:49:12 0 [Note] InnoDB: Compressed tables use zlib 1.3
2025-04-12 21:49:12 0 [Note] InnoDB: Number of pools: 1
2025-04-12 21:49:12 0 [Note] InnoDB: Using SSE2 crc32 instructions
2025-04-12 21:49:12 0 [Note] InnoDB: Initializing buffer pool, total size = 16M, instances = 1, chunk size = 16M
2025-04-12 21:49:12 0 [Note] InnoDB: Completed initialization of buffer pool
2025-04-12 21:49:12 0 [Note] InnoDB: Starting crash recovery from checkpoint LSN=300414
2025-04-12 21:49:12 0 [Note] InnoDB: 128 out of 128 rollback segments are active.
2025-04-12 21:49:12 0 [Note] InnoDB: Removed temporary tablespace data file: "ibtmp1"
2025-04-12 21:49:12 0 [Note] InnoDB: Creating shared tablespace for temporary tables
2025-04-12 21:49:12 0 [Note] InnoDB: Setting file 'C:\xampp\mysql\data\ibtmp1' size to 12 MB. Physically writing the file full; Please wait ...
2025-04-12 21:49:12 0 [Note] InnoDB: File 'C:\xampp\mysql\data\ibtmp1' size is now 12 MB.
2025-04-12 21:49:12 0 [Note] InnoDB: Waiting for purge to start
2025-04-12 21:49:12 0 [Note] InnoDB: 10.4.32 started; log sequence number 300423; transaction id 170
2025-04-12 21:49:12 0 [Note] InnoDB: Loading buffer pool(s) from C:\xampp\mysql\data\ib_buffer_pool
2025-04-12 21:49:12 0 [Note] Plugin 'FEEDBACK' is disabled.
2025-04-12 21:49:12 0 [Note] InnoDB: Buffer pool(s) load completed at 250412 21:49:12
2025-04-12 21:49:12 0 [Note] Server socket created on IP: '::'.
2025-04-12 22:36:15 0 [Note] Starting MariaDB 10.4.32-MariaDB source revision c4143f909528e3fab0677a28631d10389354c491 as process 8828
2025-04-12 22:36:15 0 [Note] InnoDB: Mutexes and rw_locks use Windows interlocked functions
2025-04-12 22:36:15 0 [Note] InnoDB: Uses event mutexes
2025-04-12 22:36:15 0 [Note] InnoDB: Compressed tables use zlib 1.3
2025-04-12 22:36:15 0 [Note] InnoDB: Number of pools: 1
2025-04-12 22:36:15 0 [Note] InnoDB: Using SSE2 crc32 instructions
2025-04-12 22:36:15 0 [Note] InnoDB: Initializing buffer pool, total size = 16M, instances = 1, chunk size = 16M
2025-04-12 22:36:15 0 [Note] InnoDB: Completed initialization of buffer pool
2025-04-12 22:36:15 0 [Note] InnoDB: Starting crash recovery from checkpoint LSN=300432
2025-04-12 22:36:15 0 [Note] InnoDB: 128 out of 128 rollback segments are active.
2025-04-12 22:36:15 0 [Note] InnoDB: Removed temporary tablespace data file: "ibtmp1"
2025-04-12 22:36:15 0 [Note] InnoDB: Creating shared tablespace for temporary tables
2025-04-12 22:36:15 0 [Note] InnoDB: Setting file 'C:\xampp\mysql\data\ibtmp1' size to 12 MB. Physically writing the file full; Please wait ...
2025-04-12 22:36:15 0 [Note] InnoDB: File 'C:\xampp\mysql\data\ibtmp1' size is now 12 MB.
2025-04-12 22:36:15 0 [Note] InnoDB: Waiting for purge to start
2025-04-12 22:36:15 0 [Note] InnoDB: 10.4.32 started; log sequence number 300441; transaction id 170
2025-04-12 22:36:15 0 [Note] InnoDB: Loading buffer pool(s) from C:\xampp\mysql\data\ib_buffer_pool
2025-04-12 22:36:15 0 [Note] Plugin 'FEEDBACK' is disabled.
2025-04-12 22:36:15 0 [Note] Server socket created on IP: '::'.
2025-04-12 22:36:15 0 [Note] InnoDB: Buffer pool(s) load complet2025-04-12 22:55:03 0 [Note] Starting MariaDB 10.4.32-MariaDB source revision c4143f909528e3fab0677a28631d10389354c491 as process 2960
2025-04-12 22:55:03 0 [Note] InnoDB: Mutexes and rw_locks use Windows interlocked functions
2025-04-12 22:55:03 0 [Note] InnoDB: Uses event mutexes
2025-04-12 22:55:03 0 [Note] InnoDB: Compressed tables use zlib 1.3
2025-04-12 22:55:03 0 [Note] InnoDB: Number of pools: 1
2025-04-12 22:55:03 0 [Note] InnoDB: Using SSE2 crc32 instructions
2025-04-12 22:55:03 0 [Note] InnoDB: Initializing buffer pool, total size = 16M, instances = 1, chunk size = 16M
2025-04-12 22:55:03 0 [Note] InnoDB: Completed initialization of buffer pool
2025-04-12 22:55:03 0 [Note] InnoDB: Starting crash recovery from checkpoint LSN=300432
2025-04-12 22:55:03 0 [Note] InnoDB: 128 out of 128 rollback segments are active.
2025-04-12 22:55:03 0 [Note] InnoDB: Removed temporary tablespace data file: "ibtmp1"
2025-04-12 22:55:03 0 [Note] InnoDB: Creating shared tablespace for temporary tables
2025-04-12 22:55:03 0 [Note] InnoDB: Setting file 'C:\xampp\mysql\data\ibtmp1' size to 12 MB. Physically writing the file full; Please wait ...
2025-04-12 22:55:03 0 [Note] InnoDB: File 'C:\xampp\mysql\data\ibtmp1' size is now 12 MB.
2025-04-12 22:55:03 0 [Note] InnoDB: Waiting for purge to start
2025-04-12 22:55:03 0 [Note] InnoDB: 10.4.32 started; log sequence number 300441; transaction id 170
2025-04-12 22:55:03 0 [Note] InnoDB: Loading buffer pool(s) from C:\xampp\mysql\data\ib_buffer_pool
2025-04-12 22:55:03 0 [Note] Plugin 'FEEDBACK' is disabled.
2025-04-12 22:55:03 0 [Note] Server socket created on IP: '::'.
2025-04-12 22:55:03 0 [Note] InnoDB: Buffer pool(s) l2025-04-13  1:09:36 0 [Note] Starting MariaDB 10.4.32-MariaDB source revision c4143f909528e3fab0677a28631d10389354c491 as process 13264
2025-04-13  1:09:36 0 [Note] InnoDB: Mutexes and rw_locks use Windows interlocked functions
2025-04-13  1:09:36 0 [Note] InnoDB: Uses event mutexes
2025-04-13  1:09:36 0 [Note] InnoDB: Compressed tables use zlib 1.3
2025-04-13  1:09:36 0 [Note] InnoDB: Number of pools: 1
2025-04-13  1:09:36 0 [Note] InnoDB: Using SSE2 crc32 instructions
2025-04-13  1:09:36 0 [Note] InnoDB: Initializing buffer pool, total size = 16M, instances = 1, chunk size = 16M
2025-04-13  1:09:36 0 [Note] InnoDB: Completed initialization of buffer pool
2025-04-13  1:09:36 0 [Note] InnoDB: Starting crash recovery from checkpoint LSN=300450
2025-04-13  1:09:37 0 [Note] InnoDB: 128 out of 128 rollback segments are active.
2025-04-13  1:09:37 0 [Note] InnoDB: Removed temporary tablespace data file: "ibtmp1"
2025-04-13  1:09:37 0 [Note] InnoDB: Creating shared tablespace for temporary tables
2025-04-13  1:09:37 0 [Note] InnoDB: Setting file 'C:\xampp\mysql\data\ibtmp1' size to 12 MB. Physically writing the file full; Please wait ...
2025-04-13  1:09:37 0 [Note] InnoDB: File 'C:\xampp\mysql\data\ibtmp1' size is now 12 MB.
2025-04-13  1:09:37 0 [Note] InnoDB: Waiting for purge to start
2025-04-13  1:09:37 0 [Note] InnoDB: 10.4.32 started; log sequence number 300459; transaction id 170
2025-04-13  1:09:37 0 [Note] InnoDB: Loading buffer pool(s) from C:\xampp\mysql\data\ib_buffer_pool
2025-04-13  1:09:37 0 [Note] Plugin 'FEEDBACK' is disabled.
2025-04-13  1:09:37 0 [Note] InnoDB: Buffer pool(s) load completed at 250413  1:09:37
2025-04-13  1:09:37 0 [Note] Server socket created on IP: '::'.
2025-04-13  7:46:27 0 [Note] Starting MariaDB 10.4.32-MariaDB source revision c4143f909528e3fab0677a28631d10389354c491 as process 3544
2025-04-13  7:46:27 0 [Note] InnoDB: Mutexes and rw_locks use Windows interlocked functions
2025-04-13  7:46:27 0 [Note] InnoDB: Uses event mutexes
2025-04-13  7:46:27 0 [Note] InnoDB: Compressed tables use zlib 1.3
2025-04-13  7:46:27 0 [Note] InnoDB: Number of pools: 1
2025-04-13  7:46:27 0 [Note] InnoDB: Using SSE2 crc32 instructions
2025-04-13  7:46:27 0 [Note] InnoDB: Initializing buffer pool, total size = 16M, instances = 1, chunk size = 16M
2025-04-13  7:46:27 0 [Note] InnoDB: Completed initialization of buffer pool
2025-04-13  7:46:27 0 [Note] InnoDB: Starting crash recovery from checkpoint LSN=300468
2025-04-13  7:46:27 0 [Note] InnoDB: 128 out of 128 rollback segments are active.
2025-04-13  7:46:27 0 [Note] InnoDB: Removed temporary tablespace data file: "ibtmp1"
2025-04-13  7:46:27 0 [Note] InnoDB: Creating shared tablespace for temporary tables
2025-04-13  7:46:27 0 [Note] InnoDB: Setting file 'C:\xampp\mysql\data\ibtmp1' size to 12 MB. Physically writing the file full; Please wait ...
2025-04-13  7:46:27 0 [Note] InnoDB: File 'C:\xampp\mysql\data\ibtmp1' size is now 12 MB.
2025-04-13  7:46:27 0 [Note] InnoDB: Waiting for purge to start
2025-04-13  7:46:27 0 [Note] InnoDB: 10.4.32 started; log sequence number 300477; transaction id 170
2025-04-13  7:46:27 0 [Note] InnoDB: Loading buffer pool(s) from C:\xampp\mysql\data\ib_buffer_pool
2025-04-13  7:46:27 0 [Note] Plugin 'FEEDBACK' is disabled.
2025-04-13  7:46:27 0 [Note] InnoDB: Buffer pool(s) load completed at 250413  7:46:27
2025-04-13  7:46:27 0 [Note] Server socket created on IP: '::'.
2025-04-13 22:19:39 0 [Note] Starting MariaDB 10.4.32-MariaDB source revision c4143f909528e3fab0677a28631d10389354c491 as process 8004
2025-04-13 22:19:39 0 [Note] InnoDB: Mutexes and rw_locks use Windows interlocked functions
2025-04-13 22:19:39 0 [Note] InnoDB: Uses event mutexes
2025-04-13 22:19:39 0 [Note] InnoDB: Compressed tables use zlib 1.3
2025-04-13 22:19:39 0 [Note] InnoDB: Number of pools: 1
2025-04-13 22:19:39 0 [Note] InnoDB: Using SSE2 crc32 instructions
2025-04-13 22:19:39 0 [Note] InnoDB: Initializing buffer pool, total size = 16M, instances = 1, chunk size = 16M
2025-04-13 22:19:39 0 [Note] InnoDB: Completed initialization of buffer pool
2025-04-13 22:19:39 0 [Note] InnoDB: Starting crash recovery from checkpoint LSN=300486
2025-04-13 22:19:39 0 [Note] InnoDB: 128 out of 128 rollback segments are active.
2025-04-13 22:19:39 0 [Note] InnoDB: Removed temporary tablespace data file: "ibtmp1"
2025-04-13 22:19:39 0 [Note] InnoDB: Creating shared tablespace for temporary tables
2025-04-13 22:19:39 0 [Note] InnoDB: Setting file 'C:\xampp\mysql\data\ibtmp1' size to 12 MB. Physically writing the file full; Please wait ...
2025-04-13 22:19:39 0 [Note] InnoDB: File 'C:\xampp\mysql\data\ibtmp1' size is now 12 MB.
2025-04-13 22:19:39 0 [Note] InnoDB: Waiting for purge to start
2025-04-13 22:19:39 0 [Note] InnoDB: 10.4.32 started; log sequence number 300495; transaction id 170
2025-04-13 22:19:39 0 [Note] InnoDB: Loading buffer pool(s) from C:\xampp\mysql\data\ib_buffer_pool
2025-04-13 22:19:39 0 [Note] Plugin 'FEEDBACK' is disabled.
2025-04-13 22:19:39 0 [Note] InnoDB: Buffer pool(s) load completed at 250413 22:19:39
2025-04-13 22:19:39 0 [Note] Server socket created on IP: '::'.
2025-04-14  0:14:16 0 [Note] Starting MariaDB 10.4.32-MariaDB source revision c4143f909528e3fab0677a28631d10389354c491 as process 9704
2025-04-14  0:14:16 0 [Note] InnoDB: Mutexes and rw_locks use Windows interlocked functions
2025-04-14  0:14:16 0 [Note] InnoDB: Uses event mutexes
2025-04-14  0:14:16 0 [Note] InnoDB: Compressed tables use zlib 1.3
2025-04-14  0:14:16 0 [Note] InnoDB: Number of pools: 1
2025-04-14  0:14:16 0 [Note] InnoDB: Using SSE2 crc32 instructions
2025-04-14  0:14:16 0 [Note] InnoDB: Initializing buffer pool, total size = 16M, instances = 1, chunk size = 16M
2025-04-14  0:14:16 0 [Note] InnoDB: Completed initialization of buffer pool
2025-04-14  0:14:16 0 [Note] InnoDB: Starting crash recovery from checkpoint LSN=300504
2025-04-14  0:14:16 0 [Note] InnoDB: 128 out of 128 rollback segments are active.
2025-04-14  0:14:16 0 [Note] InnoDB: Removed temporary tablespace data file: "ibtmp1"
2025-04-14  0:14:16 0 [Note] InnoDB: Creating shared tablespace for temporary tables
2025-04-14  0:14:16 0 [Note] InnoDB: Setting file 'C:\xampp\mysql\data\ibtmp1' size to 12 MB. Physically writing the file full; Please wait ...
2025-04-14  0:14:16 0 [Note] InnoDB: File 'C:\xampp\mysql\data\ibtmp1' size is now 12 MB.
2025-04-14  0:14:16 0 [Note] InnoDB: Waiting for purge to start
2025-04-14  0:14:16 0 [Note] InnoDB: 10.4.32 started; log sequence number 300513; transaction id 170
2025-04-14  0:14:16 0 [Note] InnoDB: Loading buffer pool(s) from C:\xampp\mysql\data\ib_buffer_pool
2025-04-14  0:14:16 0 [Note] Plugin 'FEEDBACK' is disabled.
2025-04-14  0:14:16 0 [Note] Server socket created on IP: '::'.
2025-04-14  0:16:19 0 [Note] Starting MariaDB 10.4.32-MariaDB source revision c4143f909528e3fab0677a28631d10389354c491 as process 388
2025-04-14  0:16:19 0 [Note] InnoDB: Mutexes and rw_locks use Windows interlocked functions
2025-04-14  0:16:19 0 [Note] InnoDB: Uses event mutexes
2025-04-14  0:16:19 0 [Note] InnoDB: Compressed tables use zlib 1.3
2025-04-14  0:16:19 0 [Note] InnoDB: Number of pools: 1
2025-04-14  0:16:19 0 [Note] InnoDB: Using SSE2 crc32 instructions
2025-04-14  0:16:19 0 [Note] InnoDB: Initializing buffer pool, total size = 16M, instances = 1, chunk size = 16M
2025-04-14  0:16:19 0 [Note] InnoDB: Completed initialization of buffer pool
2025-04-14  0:16:19 0 [Note] InnoDB: Starting crash recovery from checkpoint LSN=300522
2025-04-14  0:16:19 0 [Note] InnoDB: 128 out of 128 rollback segments are active.
2025-04-14  0:16:19 0 [Note] InnoDB: Removed temporary tablespace data file: "ibtmp1"
2025-04-14  0:16:19 0 [Note] InnoDB: Creating shared tablespace for temporary tables
2025-04-14  0:16:19 0 [Note] InnoDB: Setting file 'C:\xampp\mysql\data\ibtmp1' size to 12 MB. Physically writing the file full; Please wait ...
2025-04-14  0:16:19 0 [Note] InnoDB: File 'C:\xampp\mysql\data\ibtmp1' size is now 12 MB.
2025-04-14  0:16:19 0 [Note] InnoDB: Waiting for purge to start
2025-04-14  0:16:19 0 [Note] InnoDB: 10.4.32 started; log sequence number 300531; transaction id 170
2025-04-14  0:16:19 0 [Note] InnoDB: Loading buffer pool(s) from C:\xampp\mysql\data\ib_buffer_pool
2025-04-14  0:16:19 0 [Note] Plugin 'FEEDBACK' is disabled.
2025-04-14  0:16:19 0 [Note] Server socket created on IP: '::'.
2025-04-14  0:16:19 0 [Note] InnoDB: Buffer pool(s) load completed at 250414  0:16:19
2025-04-14  0:30:43 0 [Note] Starting MariaDB 10.4.32-MariaDB source revision c4143f909528e3fab0677a28631d10389354c491 as process 3836
2025-04-14  0:30:43 0 [Note] InnoDB: Mutexes and rw_locks use Windows interlocked functions
2025-04-14  0:30:43 0 [Note] InnoDB: Uses event mutexes
2025-04-14  0:30:43 0 [Note] InnoDB: Compressed tables use zlib 1.3
2025-04-14  0:30:43 0 [Note] InnoDB: Number of pools: 1
2025-04-14  0:30:43 0 [Note] InnoDB: Using SSE2 crc32 instructions
2025-04-14  0:30:43 0 [Note] InnoDB: Initializing buffer pool, total size = 16M, instances = 1, chunk size = 16M
2025-04-14  0:30:43 0 [Note] InnoDB: Completed initialization of buffer pool
2025-04-14  0:30:43 0 [Note] InnoDB: The log sequence number 300360 in the system tablespace does not match the log sequence number 300556 in the ib_logfiles!
2025-04-14  0:30:43 0 [Note] InnoDB: 128 out of 128 rollback segments are active.
2025-04-14  0:30:43 0 [Note] InnoDB: Removed temporary tablespace data file: "ibtmp1"
2025-04-14  0:30:43 0 [Note] InnoDB: Creating shared tablespace for temporary tables
2025-04-14  0:30:43 0 [Note] InnoDB: Setting file 'C:\xampp\mysql\data\ibtmp1' size to 12 MB. Physically writing the file full; Please wait ...
2025-04-14  0:30:43 0 [Note] InnoDB: File 'C:\xampp\mysql\data\ibtmp1' size is now 12 MB.
2025-04-14  0:30:43 0 [Note] InnoDB: Waiting for purge to start
2025-04-14  0:30:43 0 [Note] InnoDB: 10.4.32 started; log sequence number 300556; transaction id 170
2025-04-14  0:30:43 0 [Note] InnoDB: Loading buffer pool(s) from C:\xampp\mysql\data\ib_buffer_pool
2025-04-14  0:30:43 0 [Note] Plugin 'FEEDBACK' is disabled.
2025-04-14  0:30:43 0 [Note] Server socket created on IP: '::'.
2025-04-14  0:30:43 0 [Note] InnoDB2025-04-14  1:14:55 0 [Note] Starting MariaDB 10.4.32-MariaDB source revision c4143f909528e3fab0677a28631d10389354c491 as process 15712
2025-04-14  1:14:55 0 [Note] InnoDB: Mutexes and rw_locks use Windows interlocked functions
2025-04-14  1:14:55 0 [Note] InnoDB: Uses event mutexes
2025-04-14  1:14:55 0 [Note] InnoDB: Compressed tables use zlib 1.3
2025-04-14  1:14:55 0 [Note] InnoDB: Number of pools: 1
2025-04-14  1:14:55 0 [Note] InnoDB: Using SSE2 crc32 instructions
2025-04-14  1:14:55 0 [Note] InnoDB: Initializing buffer pool, total size = 16M, instances = 1, chunk size = 16M
2025-04-14  1:14:55 0 [Note] InnoDB: Completed initialization of buffer pool
2025-04-14  1:14:55 0 [Note] InnoDB: The log sequence number 300360 in the system tablespace does not match the log sequence number 300556 in the ib_logfiles!
2025-04-14  1:14:56 0 [Note] InnoDB: 128 out of 128 rollback segments are active.
2025-04-14  1:14:56 0 [Note] InnoDB: Removed temporary tablespace data file: "ibtmp1"
2025-04-14  1:14:56 0 [Note] InnoDB: Creating shared tablespace for temporary tables
2025-04-14  1:14:56 0 [Note] InnoDB: Setting file 'C:\xampp\mysql\data\ibtmp1' size to 12 MB. Physically writing the file full; Please wait ...
2025-04-14  1:14:56 0 [Note] InnoDB: File 'C:\xampp\mysql\data\ibtmp1' size is now 12 MB.
2025-04-14  1:14:56 0 [Note] InnoDB: Waiting for purge to start
2025-04-14  1:14:56 0 [Note] InnoDB: 10.4.32 started; log sequence number 300556; transaction id 170
2025-04-14  1:14:56 0 [Note] InnoDB: Loading buffer pool(s) from C:\xampp\mysql\data\ib_buffer_pool
2025-04-14  1:14:56 0 [Note] Plugin 'FEEDBACK' is disabled.
2025-04-14  1:14:56 0 [Note] InnoDB: Buffer pool(s) load completed at 250414  1:14:56
2025-04-14  1:14:56 0 [Note] Server socket created on IP: '::'.
2025-04-14  3:18:13 0 [Note] Starting MariaDB 10.4.32-MariaDB source revision c4143f909528e3fab0677a28631d10389354c491 as process 10736
2025-04-14  3:18:13 0 [Note] InnoDB: Mutexes and rw_locks use Windows interlocked functions
2025-04-14  3:18:13 0 [Note] InnoDB: Uses event mutexes
2025-04-14  3:18:13 0 [Note] InnoDB: Compressed tables use zlib 1.3
2025-04-14  3:18:13 0 [Note] InnoDB: Number of pools: 1
2025-04-14  3:18:13 0 [Note] InnoDB: Using SSE2 crc32 instructions
2025-04-14  3:18:13 0 [Note] InnoDB: Initializing buffer pool, total size = 16M, instances = 1, chunk size = 16M
2025-04-14  3:18:13 0 [Note] InnoDB: Completed initialization of buffer pool
2025-04-14  3:18:13 0 [Note] InnoDB: The log sequence number 300360 in the system tablespace does not match the log sequence number 300556 in the ib_logfiles!
2025-04-14  3:18:13 0 [Note] InnoDB: 128 out of 128 rollback segments are active.
2025-04-14  3:18:13 0 [Note] InnoDB: Removed temporary tablespace data file: "ibtmp1"
2025-04-14  3:18:13 0 [Note] InnoDB: Creating shared tablespace for temporary tables
2025-04-14  3:18:13 0 [Note] InnoDB: Setting file 'C:\xampp\mysql\data\ibtmp1' size to 12 MB. Physically writing the file full; Please wait ...
2025-04-14  3:18:13 0 [Note] InnoDB: File 'C:\xampp\mysql\data\ibtmp1' size is now 12 MB.
2025-04-14  3:18:13 0 [Note] InnoDB: Waiting for purge to start
2025-04-14  3:18:13 0 [Note] InnoDB: 10.4.32 started; log sequence number 300556; transaction id 170
2025-04-14  3:18:13 0 [Note] InnoDB: Loading buffer pool(s) from C:\xampp\mysql\data\ib_buffer_pool
2025-04-14  3:18:13 0 [Note] Plugin 'FEEDBACK' is disabled.
2025-04-14  3:18:13 0 [Note] InnoDB: Buffer pool(s) load completed at 250414  3:18:13
2025-04-14  3:18:13 0 [Note] Server socket created on IP: '::'.
2025-04-14 14:48:05 0 [Note] Starting MariaDB 10.4.32-MariaDB source revision c4143f909528e3fab0677a28631d10389354c491 as process 6120
2025-04-14 14:48:05 0 [Note] InnoDB: Mutexes and rw_locks use Windows interlocked functions
2025-04-14 14:48:05 0 [Note] InnoDB: Uses event mutexes
2025-04-14 14:48:05 0 [Note] InnoDB: Compressed tables use zlib 1.3
2025-04-14 14:48:05 0 [Note] InnoDB: Number of pools: 1
2025-04-14 14:48:05 0 [Note] InnoDB: Using SSE2 crc32 instructions
2025-04-14 14:48:05 0 [Note] InnoDB: Initializing buffer pool, total size = 16M, instances = 1, chunk size = 16M
2025-04-14 14:48:05 0 [Note] InnoDB: Completed initialization of buffer pool
2025-04-14 14:48:05 0 [Note] InnoDB: The log sequence number 300360 in the system tablespace does not match the log sequence number 300556 in the ib_logfiles!
2025-04-14 14:48:05 0 [Note] InnoDB: 128 out of 128 rollback segments are active.
2025-04-14 14:48:05 0 [Note] InnoDB: Removed temporary tablespace data file: "ibtmp1"
2025-04-14 14:48:05 0 [Note] InnoDB: Creating shared tablespace for temporary tables
2025-04-14 14:48:05 0 [Note] InnoDB: Setting file 'C:\xampp\mysql\data\ibtmp1' size to 12 MB. Physically writing the file full; Please wait ...
2025-04-14 14:48:05 0 [Note] InnoDB: File 'C:\xampp\mysql\data\ibtmp1' size is now 12 MB.
2025-04-14 14:48:05 0 [Note] InnoDB: Waiting for purge to start
2025-04-14 14:48:05 0 [Note] InnoDB: 10.4.32 started; log sequence number 300556; transaction id 170
2025-04-14 14:48:05 0 [Note] Plugin 'FEEDBACK' is disabled.
2025-04-14 14:48:05 0 [Note] InnoDB: Loading buffer pool(s) from C:\xampp\mysql\data\ib_buffer_pool
2025-04-14 14:48:05 0 [Note] InnoDB: Buffer pool(s) load completed at 250414 14:48:05
2025-04-14 14:48:05 0 [Note] Server socket created on IP: '::'.
2025-04-14 15:26:08 0 [Note] Starting MariaDB 10.4.32-MariaDB source revision c4143f909528e3fab0677a28631d10389354c491 as process 19524
2025-04-14 15:26:08 0 [Note] InnoDB: Mutexes and rw_locks use Windows interlocked functions
2025-04-14 15:26:08 0 [Note] InnoDB: Uses event mutexes
2025-04-14 15:26:08 0 [Note] InnoDB: Compressed tables use zlib 1.3
2025-04-14 15:26:08 0 [Note] InnoDB: Number of pools: 1
2025-04-14 15:26:08 0 [Note] InnoDB: Using SSE2 crc32 instructions
2025-04-14 15:26:08 0 [Note] InnoDB: Initializing buffer pool, total size = 16M, instances = 1, chunk size = 16M
2025-04-14 15:26:08 0 [Note] InnoDB: Completed initialization of buffer pool
2025-04-14 15:26:08 0 [Note] InnoDB: The log sequence number 300360 in the system tablespace does not match the log sequence number 300556 in the ib_logfiles!
2025-04-14 15:26:09 0 [Note] InnoDB: 128 out of 128 rollback segments are active.
2025-04-14 15:26:09 0 [Note] InnoDB: Removed temporary tablespace data file: "ibtmp1"
2025-04-14 15:26:09 0 [Note] InnoDB: Creating shared tablespace for temporary tables
2025-04-14 15:26:09 0 [Note] InnoDB: Setting file 'C:\xampp\mysql\data\ibtmp1' size to 12 MB. Physically writing the file full; Please wait ...
2025-04-14 15:26:09 0 [Note] InnoDB: File 'C:\xampp\mysql\data\ibtmp1' size is now 12 MB.
2025-04-14 15:26:09 0 [Note] InnoDB: Waiting for purge to start
2025-04-14 15:26:09 0 [Note] InnoDB: 10.4.32 started; log sequence number 300556; transaction id 170
2025-04-14 15:26:09 0 [Note] InnoDB: Loading buffer pool(s) from C:\xampp\mysql\data\ib_buffer_pool
2025-04-14 15:26:09 0 [Note] Plugin 'FEEDBACK' is disabled.
2025-04-14 15:26:09 0 [Note] Server socket created on IP: '::'.
2025-04-14 16:52:17 0 [Note] Starting MariaDB 10.4.32-MariaDB source revision c4143f909528e3fab0677a28631d10389354c491 as process 23236
2025-04-14 16:52:17 0 [Note] InnoDB: Mutexes and rw_locks use Windows interlocked functions
2025-04-14 16:52:17 0 [Note] InnoDB: Uses event mutexes
2025-04-14 16:52:17 0 [Note] InnoDB: Compressed tables use zlib 1.3
2025-04-14 16:52:17 0 [Note] InnoDB: Number of pools: 1
2025-04-14 16:52:17 0 [Note] InnoDB: Using SSE2 crc32 instructions
2025-04-14 16:52:17 0 [Note] InnoDB: Initializing buffer pool, total size = 16M, instances = 1, chunk size = 16M
2025-04-14 16:52:17 0 [Note] InnoDB: Completed initialization of buffer pool
2025-04-14 16:52:17 0 [Note] InnoDB: The log sequence number 300360 in the system tablespace does not match the log sequence number 300556 in the ib_logfiles!
2025-04-14 16:52:17 0 [Note] InnoDB: 128 out of 128 rollback segments are active.
2025-04-14 16:52:17 0 [Note] InnoDB: Removed temporary tablespace data file: "ibtmp1"
2025-04-14 16:52:17 0 [Note] InnoDB: Creating shared tablespace for temporary tables
2025-04-14 16:52:17 0 [Note] InnoDB: Setting file 'C:\xampp\mysql\data\ibtmp1' size to 12 MB. Physically writing the file full; Please wait ...
2025-04-14 16:52:17 0 [Note] InnoDB: File 'C:\xampp\mysql\data\ibtmp1' size is now 12 MB.
2025-04-14 16:52:17 0 [Note] InnoDB: Waiting for purge to start
2025-04-14 16:52:17 0 [Note] InnoDB: 10.4.32 started; log sequence number 300556; transaction id 170
2025-04-14 16:52:17 0 [Note] InnoDB: Loading buffer pool(s) from C:\xampp\mysql\data\ib_buffer_pool
2025-04-14 16:52:17 0 [Note] Plugin 'FEEDBACK' is disabled.
2025-04-14 16:52:17 0 [Note] InnoDB: Buffer pool(s) load completed at 250414 16:52:17
2025-04-14 16:52:17 0 [Note] Server socket created on IP: '::'.
2025-04-14 19:01:34 0 [Note] Starting MariaDB 10.4.32-MariaDB source revision c4143f909528e3fab0677a28631d10389354c491 as process 22800
2025-04-14 19:01:34 0 [Note] InnoDB: Mutexes and rw_locks use Windows interlocked functions
2025-04-14 19:01:34 0 [Note] InnoDB: Uses event mutexes
2025-04-14 19:01:34 0 [Note] InnoDB: Compressed tables use zlib 1.3
2025-04-14 19:01:34 0 [Note] InnoDB: Number of pools: 1
2025-04-14 19:01:34 0 [Note] InnoDB: Using SSE2 crc32 instructions
2025-04-14 19:01:34 0 [Note] InnoDB: Initializing buffer pool, total size = 16M, instances = 1, chunk size = 16M
2025-04-14 19:01:34 0 [Note] InnoDB: Completed initialization of buffer pool
2025-04-14 19:01:34 0 [Note] InnoDB: The log sequence number 300360 in the system tablespace does not match the log sequence number 300556 in the ib_logfiles!
2025-04-14 19:01:34 0 [Note] InnoDB: 128 out of 128 rollback segments are active.
2025-04-14 19:01:34 0 [Note] InnoDB: Removed temporary tablespace data file: "ibtmp1"
2025-04-14 19:01:34 0 [Note] InnoDB: Creating shared tablespace for temporary tables
2025-04-14 19:01:34 0 [Note] InnoDB: Setting file 'C:\xampp\mysql\data\ibtmp1' size to 12 MB. Physically writing the file full; Please wait ...
2025-04-14 19:01:34 0 [Note] InnoDB: File 'C:\xampp\mysql\data\ibtmp1' size is now 12 MB.
2025-04-14 19:01:34 0 [Note] InnoDB: Waiting for purge to start
2025-04-14 19:01:34 0 [Note] InnoDB: 10.4.32 started; log sequence number 300556; transaction id 170
2025-04-14 19:01:34 0 [Note] InnoDB: Loading buffer pool(s) from C:\xampp\mysql\data\ib_buffer_pool
2025-04-14 19:01:34 0 [Note] Plugin 'FEEDBACK' is disabled.
2025-04-14 19:01:34 0 [Note] Server socket created on IP: '::'.
